2024-09-23T20:22:52+00:00 INFO Array
(
    [Webhook Delivery] => Array
        (
            [Delivery ID] => 14b68e202d5aee1f31e91096e10fea97
            [Date] => Sep 23, 2024 @ 20:22
            [URL] => https://a.klaviyo.com/api/webhook/integration/woocommerce?c=ThxzDu
            [Duration] => 0.35368
            [Request] => Array
                (
                    [Method] => POST
                    [Headers] => Array
                        (
                            [User-Agent] => WooCommerce/9.2.2 Hookshot (WordPress/6.6.2)
                            [Content-Type] => application/json
                            [X-WC-Webhook-Source] => http://stitch-it-quick-0923.local/
                            [X-WC-Webhook-Topic] => order.updated
                            [X-WC-Webhook-Resource] => order
                            [X-WC-Webhook-Event] => updated
                            [X-WC-Webhook-Signature] => bbmLYLdWVGRun5PhVlxoAIbqOO1WAv7lTuSOvlFP3W8=
                            [X-WC-Webhook-ID] => 1
                            [X-WC-Webhook-Delivery-ID] => 14b68e202d5aee1f31e91096e10fea97
                        )

                )

            [Body] => Webhook body is not logged unless WP_DEBUG mode is turned on. This is to avoid the storing of personal data in the logs.
            [Response] => Array
                (
                    [Code] => 200
                    [Message] => OK
                    [Headers] => WpOrg\Requests\Utility\CaseInsensitiveDictionary Object
                        (
                            [data:protected] => Array
                                (
                                    [date] => Mon, 23 Sep 2024 20:22:52 GMT
                                    [content-type] => text/html; charset=utf-8
                                    [cf-ray] => 8c7d3fcfae3e5186-DEN
                                    [cf-cache-status] => DYNAMIC
                                    [content-language] => en-us
                                    [strict-transport-security] => max-age=31536000; includeSubDomains; preload
                                    [vary] => Accept-Language, Cookie, Accept-Encoding
                                    [content-security-policy] => base-uri 'none'; frame-ancestors 'self' login.bigcommerce.com *.mybigcommerce.com admin.shopify.com klaviyo.file.force.com klaviyo.lightning.force.com klaviyo.my.salesforce.com; script-src 'report-sample' 'strict-dynamic' 'unsafe-eval'; object-src 'none'; report-uri /csp/
                                    [x-content-type-options] => nosniff
                                    [x-robots-tag] => noindex, nofollow
                                    [server] => cloudflare
                                    [content-encoding] => gzip
                                )

                        )

                    [Body] => Webhook body is not logged unless WP_DEBUG mode is turned on. This is to avoid the storing of personal data in the logs.
                )

        )

)
2024-09-23T20:38:39+00:00 INFO Array
(
    [Webhook Delivery] => Array
        (
            [Delivery ID] => 7e6138beee10eda604d6a7a03defc2e3
            [Date] => Sep 23, 2024 @ 20:38
            [URL] => https://a.klaviyo.com/api/webhook/integration/woocommerce?c=ThxzDu
            [Duration] => 0.30938
            [Request] => Array
                (
                    [Method] => POST
                    [Headers] => Array
                        (
                            [User-Agent] => WooCommerce/9.2.2 Hookshot (WordPress/6.6.2)
                            [Content-Type] => application/json
                            [X-WC-Webhook-Source] => http://stitch-it-quick-0923.local/
                            [X-WC-Webhook-Topic] => order.updated
                            [X-WC-Webhook-Resource] => order
                            [X-WC-Webhook-Event] => updated
                            [X-WC-Webhook-Signature] => bbmLYLdWVGRun5PhVlxoAIbqOO1WAv7lTuSOvlFP3W8=
                            [X-WC-Webhook-ID] => 1
                            [X-WC-Webhook-Delivery-ID] => 7e6138beee10eda604d6a7a03defc2e3
                        )

                )

            [Body] => Webhook body is not logged unless WP_DEBUG mode is turned on. This is to avoid the storing of personal data in the logs.
            [Response] => Array
                (
                    [Code] => 200
                    [Message] => OK
                    [Headers] => WpOrg\Requests\Utility\CaseInsensitiveDictionary Object
                        (
                            [data:protected] => Array
                                (
                                    [date] => Mon, 23 Sep 2024 20:38:39 GMT
                                    [content-type] => text/html; charset=utf-8
                                    [cf-ray] => 8c7d56f1b9df5170-DEN
                                    [cf-cache-status] => DYNAMIC
                                    [content-language] => en-us
                                    [strict-transport-security] => max-age=31536000; includeSubDomains; preload
                                    [vary] => Accept-Language, Cookie, Accept-Encoding
                                    [content-security-policy] => base-uri 'none'; frame-ancestors 'self' login.bigcommerce.com *.mybigcommerce.com admin.shopify.com klaviyo.file.force.com klaviyo.lightning.force.com klaviyo.my.salesforce.com; script-src 'report-sample' 'strict-dynamic' 'unsafe-eval'; object-src 'none'; report-uri /csp/
                                    [x-content-type-options] => nosniff
                                    [x-robots-tag] => noindex, nofollow
                                    [server] => cloudflare
                                    [content-encoding] => gzip
                                )

                        )

                    [Body] => Webhook body is not logged unless WP_DEBUG mode is turned on. This is to avoid the storing of personal data in the logs.
                )

        )

)
2024-09-23T20:40:33+00:00 INFO Array
(
    [Webhook Delivery] => Array
        (
            [Delivery ID] => d698ff101904cff439ae2e6086714b0f
            [Date] => Sep 23, 2024 @ 20:40
            [URL] => https://a.klaviyo.com/api/webhook/integration/woocommerce?c=ThxzDu
            [Duration] => 0.3354
            [Request] => Array
                (
                    [Method] => POST
                    [Headers] => Array
                        (
                            [User-Agent] => WooCommerce/9.2.2 Hookshot (WordPress/6.6.2)
                            [Content-Type] => application/json
                            [X-WC-Webhook-Source] => http://stitch-it-quick-0923.local/
                            [X-WC-Webhook-Topic] => order.updated
                            [X-WC-Webhook-Resource] => order
                            [X-WC-Webhook-Event] => updated
                            [X-WC-Webhook-Signature] => ftvSwvu9XD5td0DhXzthiauRJyxlcGwdH2/aMPZ5nKk=
                            [X-WC-Webhook-ID] => 1
                            [X-WC-Webhook-Delivery-ID] => d698ff101904cff439ae2e6086714b0f
                        )

                )

            [Body] => Webhook body is not logged unless WP_DEBUG mode is turned on. This is to avoid the storing of personal data in the logs.
            [Response] => Array
                (
                    [Code] => 200
                    [Message] => OK
                    [Headers] => WpOrg\Requests\Utility\CaseInsensitiveDictionary Object
                        (
                            [data:protected] => Array
                                (
                                    [date] => Mon, 23 Sep 2024 20:40:33 GMT
                                    [content-type] => text/html; charset=utf-8
                                    [cf-ray] => 8c7d59ba8fb4798b-DEN
                                    [cf-cache-status] => DYNAMIC
                                    [content-language] => en-us
                                    [strict-transport-security] => max-age=31536000; includeSubDomains; preload
                                    [vary] => Accept-Language, Cookie, Accept-Encoding
                                    [content-security-policy] => object-src 'none'; script-src 'report-sample' 'strict-dynamic' 'unsafe-eval'; base-uri 'none'; frame-ancestors 'self' login.bigcommerce.com *.mybigcommerce.com admin.shopify.com klaviyo.file.force.com klaviyo.lightning.force.com klaviyo.my.salesforce.com; report-uri /csp/
                                    [x-content-type-options] => nosniff
                                    [x-robots-tag] => noindex, nofollow
                                    [server] => cloudflare
                                    [content-encoding] => gzip
                                )

                        )

                    [Body] => Webhook body is not logged unless WP_DEBUG mode is turned on. This is to avoid the storing of personal data in the logs.
                )

        )

)
2024-09-23T21:03:38+00:00 INFO Array
(
    [Webhook Delivery] => Array
        (
            [Delivery ID] => 56bd9ada190cf3f5d9ab40b593db7b3e
            [Date] => Sep 23, 2024 @ 21:03
            [URL] => https://a.klaviyo.com/api/webhook/integration/woocommerce?c=ThxzDu
            [Duration] => 0.35611
            [Request] => Array
                (
                    [Method] => POST
                    [Headers] => Array
                        (
                            [User-Agent] => WooCommerce/9.2.2 Hookshot (WordPress/6.6.2)
                            [Content-Type] => application/json
                            [X-WC-Webhook-Source] => http://stitch-it-quick-0923.local/
                            [X-WC-Webhook-Topic] => order.updated
                            [X-WC-Webhook-Resource] => order
                            [X-WC-Webhook-Event] => updated
                            [X-WC-Webhook-Signature] => HXCY2NSihC/F5YdMj1w1EM7spaEscnTqCwgpVirvRQE=
                            [X-WC-Webhook-ID] => 1
                            [X-WC-Webhook-Delivery-ID] => 56bd9ada190cf3f5d9ab40b593db7b3e
                        )

                )

            [Body] => Webhook body is not logged unless WP_DEBUG mode is turned on. This is to avoid the storing of personal data in the logs.
            [Response] => Array
                (
                    [Code] => 200
                    [Message] => OK
                    [Headers] => WpOrg\Requests\Utility\CaseInsensitiveDictionary Object
                        (
                            [data:protected] => Array
                                (
                                    [date] => Mon, 23 Sep 2024 21:03:38 GMT
                                    [content-type] => text/html; charset=utf-8
                                    [cf-ray] => 8c7d7b8a8c5d1f51-DEN
                                    [cf-cache-status] => DYNAMIC
                                    [content-language] => en-us
                                    [strict-transport-security] => max-age=31536000; includeSubDomains; preload
                                    [vary] => Accept-Language, Cookie, Accept-Encoding
                                    [content-security-policy] => base-uri 'none'; script-src 'report-sample' 'strict-dynamic' 'unsafe-eval'; object-src 'none'; frame-ancestors 'self' login.bigcommerce.com *.mybigcommerce.com admin.shopify.com klaviyo.file.force.com klaviyo.lightning.force.com klaviyo.my.salesforce.com; report-uri /csp/
                                    [x-content-type-options] => nosniff
                                    [x-robots-tag] => noindex, nofollow
                                    [server] => cloudflare
                                    [content-encoding] => gzip
                                )

                        )

                    [Body] => Webhook body is not logged unless WP_DEBUG mode is turned on. This is to avoid the storing of personal data in the logs.
                )

        )

)
2024-09-23T21:09:28+00:00 INFO Array
(
    [Webhook Delivery] => Array
        (
            [Delivery ID] => b6cfc6759e2e7636509cc0b47e295e88
            [Date] => Sep 23, 2024 @ 21:09
            [URL] => https://a.klaviyo.com/api/webhook/integration/woocommerce?c=ThxzDu
            [Duration] => 0.30177
            [Request] => Array
                (
                    [Method] => POST
                    [Headers] => Array
                        (
                            [User-Agent] => WooCommerce/9.2.2 Hookshot (WordPress/6.6.2)
                            [Content-Type] => application/json
                            [X-WC-Webhook-Source] => http://stitch-it-quick-0923.local/
                            [X-WC-Webhook-Topic] => order.updated
                            [X-WC-Webhook-Resource] => order
                            [X-WC-Webhook-Event] => updated
                            [X-WC-Webhook-Signature] => MRNT2jyOrMr+YLkmTQ6N+1kFqI9hc7eja9d/BKXMo5s=
                            [X-WC-Webhook-ID] => 1
                            [X-WC-Webhook-Delivery-ID] => b6cfc6759e2e7636509cc0b47e295e88
                        )

                )

            [Body] => Webhook body is not logged unless WP_DEBUG mode is turned on. This is to avoid the storing of personal data in the logs.
            [Response] => Array
                (
                    [Code] => 200
                    [Message] => OK
                    [Headers] => WpOrg\Requests\Utility\CaseInsensitiveDictionary Object
                        (
                            [data:protected] => Array
                                (
                                    [date] => Mon, 23 Sep 2024 21:09:28 GMT
                                    [content-type] => text/html; charset=utf-8
                                    [cf-ray] => 8c7d8416fd235179-DEN
                                    [cf-cache-status] => DYNAMIC
                                    [content-language] => en-us
                                    [strict-transport-security] => max-age=31536000; includeSubDomains; preload
                                    [vary] => Accept-Language, Cookie, Accept-Encoding
                                    [content-security-policy] => script-src 'report-sample' 'strict-dynamic' 'unsafe-eval'; frame-ancestors 'self' login.bigcommerce.com *.mybigcommerce.com admin.shopify.com klaviyo.file.force.com klaviyo.lightning.force.com klaviyo.my.salesforce.com; object-src 'none'; base-uri 'none'; report-uri /csp/
                                    [x-content-type-options] => nosniff
                                    [x-robots-tag] => noindex, nofollow
                                    [server] => cloudflare
                                    [content-encoding] => gzip
                                )

                        )

                    [Body] => Webhook body is not logged unless WP_DEBUG mode is turned on. This is to avoid the storing of personal data in the logs.
                )

        )

)
2024-09-23T21:09:37+00:00 INFO Array
(
    [Webhook Delivery] => Array
        (
            [Delivery ID] => 037728eecacce600d3a7bd6f1a237301
            [Date] => Sep 23, 2024 @ 21:09
            [URL] => https://a.klaviyo.com/api/webhook/integration/woocommerce?c=ThxzDu
            [Duration] => 0.2941
            [Request] => Array
                (
                    [Method] => POST
                    [Headers] => Array
                        (
                            [User-Agent] => WooCommerce/9.2.2 Hookshot (WordPress/6.6.2)
                            [Content-Type] => application/json
                            [X-WC-Webhook-Source] => http://stitch-it-quick-0923.local/
                            [X-WC-Webhook-Topic] => order.updated
                            [X-WC-Webhook-Resource] => order
                            [X-WC-Webhook-Event] => updated
                            [X-WC-Webhook-Signature] => bhq/wyvuKqoz5sG4j/3o/ImYRGQQLHvArR0DdMH+JoI=
                            [X-WC-Webhook-ID] => 1
                            [X-WC-Webhook-Delivery-ID] => 037728eecacce600d3a7bd6f1a237301
                        )

                )

            [Body] => Webhook body is not logged unless WP_DEBUG mode is turned on. This is to avoid the storing of personal data in the logs.
            [Response] => Array
                (
                    [Code] => 200
                    [Message] => OK
                    [Headers] => WpOrg\Requests\Utility\CaseInsensitiveDictionary Object
                        (
                            [data:protected] => Array
                                (
                                    [date] => Mon, 23 Sep 2024 21:09:37 GMT
                                    [content-type] => text/html; charset=utf-8
                                    [cf-ray] => 8c7d844fad6451df-DEN
                                    [cf-cache-status] => DYNAMIC
                                    [content-language] => en-us
                                    [strict-transport-security] => max-age=31536000; includeSubDomains; preload
                                    [vary] => Accept-Language, Cookie, Accept-Encoding
                                    [content-security-policy] => frame-ancestors 'self' login.bigcommerce.com *.mybigcommerce.com admin.shopify.com klaviyo.file.force.com klaviyo.lightning.force.com klaviyo.my.salesforce.com; script-src 'report-sample' 'strict-dynamic' 'unsafe-eval'; object-src 'none'; base-uri 'none'; report-uri /csp/
                                    [x-content-type-options] => nosniff
                                    [x-robots-tag] => noindex, nofollow
                                    [server] => cloudflare
                                    [content-encoding] => gzip
                                )

                        )

                    [Body] => Webhook body is not logged unless WP_DEBUG mode is turned on. This is to avoid the storing of personal data in the logs.
                )

        )

)
2024-09-23T21:15:52+00:00 INFO Array
(
    [Webhook Delivery] => Array
        (
            [Delivery ID] => dcb8f426c0bb8568a497616e4f8d84c3
            [Date] => Sep 23, 2024 @ 21:15
            [URL] => https://a.klaviyo.com/api/webhook/integration/woocommerce?c=ThxzDu
            [Duration] => 0.30803
            [Request] => Array
                (
                    [Method] => POST
                    [Headers] => Array
                        (
                            [User-Agent] => WooCommerce/9.2.2 Hookshot (WordPress/6.6.2)
                            [Content-Type] => application/json
                            [X-WC-Webhook-Source] => http://stitch-it-quick-0923.local/
                            [X-WC-Webhook-Topic] => order.updated
                            [X-WC-Webhook-Resource] => order
                            [X-WC-Webhook-Event] => updated
                            [X-WC-Webhook-Signature] => 1WmWgLhKFm0gkB9ZYzcoEHIz9UBo0937MCnM6tk9P2E=
                            [X-WC-Webhook-ID] => 1
                            [X-WC-Webhook-Delivery-ID] => dcb8f426c0bb8568a497616e4f8d84c3
                        )

                )

            [Body] => Webhook body is not logged unless WP_DEBUG mode is turned on. This is to avoid the storing of personal data in the logs.
            [Response] => Array
                (
                    [Code] => 200
                    [Message] => OK
                    [Headers] => WpOrg\Requests\Utility\CaseInsensitiveDictionary Object
                        (
                            [data:protected] => Array
                                (
                                    [date] => Mon, 23 Sep 2024 21:15:52 GMT
                                    [content-type] => text/html; charset=utf-8
                                    [cf-ray] => 8c7d8d76bdc35380-DEN
                                    [cf-cache-status] => DYNAMIC
                                    [content-language] => en-us
                                    [strict-transport-security] => max-age=31536000; includeSubDomains; preload
                                    [vary] => Accept-Language, Cookie, Accept-Encoding
                                    [content-security-policy] => frame-ancestors 'self' login.bigcommerce.com *.mybigcommerce.com admin.shopify.com klaviyo.file.force.com klaviyo.lightning.force.com klaviyo.my.salesforce.com; object-src 'none'; base-uri 'none'; script-src 'report-sample' 'strict-dynamic' 'unsafe-eval'; report-uri /csp/
                                    [x-content-type-options] => nosniff
                                    [x-robots-tag] => noindex, nofollow
                                    [server] => cloudflare
                                    [content-encoding] => gzip
                                )

                        )

                    [Body] => Webhook body is not logged unless WP_DEBUG mode is turned on. This is to avoid the storing of personal data in the logs.
                )

        )

)
2024-09-23T21:19:00+00:00 INFO Array
(
    [Webhook Delivery] => Array
        (
            [Delivery ID] => 11db8176b02f639dd1d48f24ee9697f2
            [Date] => Sep 23, 2024 @ 21:19
            [URL] => https://a.klaviyo.com/api/webhook/integration/woocommerce?c=ThxzDu
            [Duration] => 0.32445
            [Request] => Array
                (
                    [Method] => POST
                    [Headers] => Array
                        (
                            [User-Agent] => WooCommerce/9.2.2 Hookshot (WordPress/6.6.2)
                            [Content-Type] => application/json
                            [X-WC-Webhook-Source] => http://stitch-it-quick-0923.local/
                            [X-WC-Webhook-Topic] => order.updated
                            [X-WC-Webhook-Resource] => order
                            [X-WC-Webhook-Event] => updated
                            [X-WC-Webhook-Signature] => YSGqHhoI6KV03iZb2xrlF0093pfGdd0u39oTCUWLw2w=
                            [X-WC-Webhook-ID] => 1
                            [X-WC-Webhook-Delivery-ID] => 11db8176b02f639dd1d48f24ee9697f2
                        )

                )

            [Body] => Webhook body is not logged unless WP_DEBUG mode is turned on. This is to avoid the storing of personal data in the logs.
            [Response] => Array
                (
                    [Code] => 200
                    [Message] => OK
                    [Headers] => WpOrg\Requests\Utility\CaseInsensitiveDictionary Object
                        (
                            [data:protected] => Array
                                (
                                    [date] => Mon, 23 Sep 2024 21:19:00 GMT
                                    [content-type] => text/html; charset=utf-8
                                    [cf-ray] => 8c7d920cf9d151e8-DEN
                                    [cf-cache-status] => DYNAMIC
                                    [content-language] => en-us
                                    [strict-transport-security] => max-age=31536000; includeSubDomains; preload
                                    [vary] => Accept-Language, Cookie, Accept-Encoding
                                    [content-security-policy] => script-src 'report-sample' 'strict-dynamic' 'unsafe-eval'; object-src 'none'; base-uri 'none'; frame-ancestors 'self' login.bigcommerce.com *.mybigcommerce.com admin.shopify.com klaviyo.file.force.com klaviyo.lightning.force.com klaviyo.my.salesforce.com; report-uri /csp/
                                    [x-content-type-options] => nosniff
                                    [x-robots-tag] => noindex, nofollow
                                    [server] => cloudflare
                                    [content-encoding] => gzip
                                )

                        )

                    [Body] => Webhook body is not logged unless WP_DEBUG mode is turned on. This is to avoid the storing of personal data in the logs.
                )

        )

)
2024-09-23T21:20:55+00:00 INFO Array
(
    [Webhook Delivery] => Array
        (
            [Delivery ID] => d5692fcf79335699f2c22021acc9a570
            [Date] => Sep 23, 2024 @ 21:20
            [URL] => https://a.klaviyo.com/api/webhook/integration/woocommerce?c=ThxzDu
            [Duration] => 0.59705
            [Request] => Array
                (
                    [Method] => POST
                    [Headers] => Array
                        (
                            [User-Agent] => WooCommerce/9.2.2 Hookshot (WordPress/6.6.2)
                            [Content-Type] => application/json
                            [X-WC-Webhook-Source] => http://stitch-it-quick-0923.local/
                            [X-WC-Webhook-Topic] => order.updated
                            [X-WC-Webhook-Resource] => order
                            [X-WC-Webhook-Event] => updated
                            [X-WC-Webhook-Signature] => to8+gOtL+9KHrfePwJho24ODa0E/C26lly8PcdUZji0=
                            [X-WC-Webhook-ID] => 1
                            [X-WC-Webhook-Delivery-ID] => d5692fcf79335699f2c22021acc9a570
                        )

                )

            [Body] => Webhook body is not logged unless WP_DEBUG mode is turned on. This is to avoid the storing of personal data in the logs.
            [Response] => Array
                (
                    [Code] => 200
                    [Message] => OK
                    [Headers] => WpOrg\Requests\Utility\CaseInsensitiveDictionary Object
                        (
                            [data:protected] => Array
                                (
                                    [date] => Mon, 23 Sep 2024 21:20:55 GMT
                                    [content-type] => text/html; charset=utf-8
                                    [cf-ray] => 8c7d94dbda465188-DEN
                                    [cf-cache-status] => DYNAMIC
                                    [content-language] => en-us
                                    [strict-transport-security] => max-age=31536000; includeSubDomains; preload
                                    [vary] => Accept-Language, Cookie, Accept-Encoding
                                    [content-security-policy] => base-uri 'none'; script-src 'report-sample' 'strict-dynamic' 'unsafe-eval'; object-src 'none'; frame-ancestors 'self' login.bigcommerce.com *.mybigcommerce.com admin.shopify.com klaviyo.file.force.com klaviyo.lightning.force.com klaviyo.my.salesforce.com; report-uri /csp/
                                    [x-content-type-options] => nosniff
                                    [x-robots-tag] => noindex, nofollow
                                    [server] => cloudflare
                                    [content-encoding] => gzip
                                )

                        )

                    [Body] => Webhook body is not logged unless WP_DEBUG mode is turned on. This is to avoid the storing of personal data in the logs.
                )

        )

)
2024-09-23T22:06:38+00:00 INFO Array
(
    [Webhook Delivery] => Array
        (
            [Delivery ID] => 5544ee7d7c61d70db261b645a3ebe87e
            [Date] => Sep 23, 2024 @ 22:06
            [URL] => https://a.klaviyo.com/api/webhook/integration/woocommerce?c=ThxzDu
            [Duration] => 0.39756
            [Request] => Array
                (
                    [Method] => POST
                    [Headers] => Array
                        (
                            [User-Agent] => WooCommerce/9.2.2 Hookshot (WordPress/6.6.2)
                            [Content-Type] => application/json
                            [X-WC-Webhook-Source] => http://stitch-it-quick-0923.local/
                            [X-WC-Webhook-Topic] => order.updated
                            [X-WC-Webhook-Resource] => order
                            [X-WC-Webhook-Event] => updated
                            [X-WC-Webhook-Signature] => qaXBX/I7MhV3jcRciXxqkzoZ5wSY6aW+K1ttQPvAUAc=
                            [X-WC-Webhook-ID] => 1
                            [X-WC-Webhook-Delivery-ID] => 5544ee7d7c61d70db261b645a3ebe87e
                        )

                )

            [Body] => Webhook body is not logged unless WP_DEBUG mode is turned on. This is to avoid the storing of personal data in the logs.
            [Response] => Array
                (
                    [Code] => 200
                    [Message] => OK
                    [Headers] => WpOrg\Requests\Utility\CaseInsensitiveDictionary Object
                        (
                            [data:protected] => Array
                                (
                                    [date] => Mon, 23 Sep 2024 22:06:38 GMT
                                    [content-type] => text/html; charset=utf-8
                                    [cf-ray] => 8c7dd7d38b187b15-DEN
                                    [cf-cache-status] => DYNAMIC
                                    [content-language] => en-us
                                    [strict-transport-security] => max-age=31536000; includeSubDomains; preload
                                    [vary] => Accept-Language, Cookie, Accept-Encoding
                                    [content-security-policy] => frame-ancestors 'self' login.bigcommerce.com *.mybigcommerce.com admin.shopify.com klaviyo.file.force.com klaviyo.lightning.force.com klaviyo.my.salesforce.com; base-uri 'none'; script-src 'report-sample' 'strict-dynamic' 'unsafe-eval'; object-src 'none'; report-uri /csp/
                                    [x-content-type-options] => nosniff
                                    [x-robots-tag] => noindex, nofollow
                                    [server] => cloudflare
                                    [content-encoding] => gzip
                                )

                        )

                    [Body] => Webhook body is not logged unless WP_DEBUG mode is turned on. This is to avoid the storing of personal data in the logs.
                )

        )

)
2024-09-23T22:07:49+00:00 INFO Array
(
    [Webhook Delivery] => Array
        (
            [Delivery ID] => 8727891e178faa7dada5044c79953d6f
            [Date] => Sep 23, 2024 @ 22:07
            [URL] => https://a.klaviyo.com/api/webhook/integration/woocommerce?c=ThxzDu
            [Duration] => 0.32472
            [Request] => Array
                (
                    [Method] => POST
                    [Headers] => Array
                        (
                            [User-Agent] => WooCommerce/9.2.2 Hookshot (WordPress/6.6.2)
                            [Content-Type] => application/json
                            [X-WC-Webhook-Source] => http://stitch-it-quick-0923.local/
                            [X-WC-Webhook-Topic] => order.updated
                            [X-WC-Webhook-Resource] => order
                            [X-WC-Webhook-Event] => updated
                            [X-WC-Webhook-Signature] => h4fEPm67xCPK8+eYNoydLqkLD6Fx9C3JgUt5dm/wJn0=
                            [X-WC-Webhook-ID] => 1
                            [X-WC-Webhook-Delivery-ID] => 8727891e178faa7dada5044c79953d6f
                        )

                )

            [Body] => Webhook body is not logged unless WP_DEBUG mode is turned on. This is to avoid the storing of personal data in the logs.
            [Response] => Array
                (
                    [Code] => 200
                    [Message] => OK
                    [Headers] => WpOrg\Requests\Utility\CaseInsensitiveDictionary Object
                        (
                            [data:protected] => Array
                                (
                                    [date] => Mon, 23 Sep 2024 22:07:49 GMT
                                    [content-type] => text/html; charset=utf-8
                                    [cf-ray] => 8c7dd98c3e097c1f-DEN
                                    [cf-cache-status] => DYNAMIC
                                    [content-language] => en-us
                                    [strict-transport-security] => max-age=31536000; includeSubDomains; preload
                                    [vary] => Accept-Language, Cookie, Accept-Encoding
                                    [content-security-policy] => base-uri 'none'; object-src 'none'; frame-ancestors 'self' login.bigcommerce.com *.mybigcommerce.com admin.shopify.com klaviyo.file.force.com klaviyo.lightning.force.com klaviyo.my.salesforce.com; script-src 'report-sample' 'strict-dynamic' 'unsafe-eval'; report-uri /csp/
                                    [x-content-type-options] => nosniff
                                    [x-robots-tag] => noindex, nofollow
                                    [server] => cloudflare
                                    [content-encoding] => gzip
                                )

                        )

                    [Body] => Webhook body is not logged unless WP_DEBUG mode is turned on. This is to avoid the storing of personal data in the logs.
                )

        )

)
2024-09-23T22:08:51+00:00 INFO Array
(
    [Webhook Delivery] => Array
        (
            [Delivery ID] => 219db7ced7894564f4cdfec7da2a573a
            [Date] => Sep 23, 2024 @ 22:08
            [URL] => https://a.klaviyo.com/api/webhook/integration/woocommerce?c=ThxzDu
            [Duration] => 0.37375
            [Request] => Array
                (
                    [Method] => POST
                    [Headers] => Array
                        (
                            [User-Agent] => WooCommerce/9.2.2 Hookshot (WordPress/6.6.2)
                            [Content-Type] => application/json
                            [X-WC-Webhook-Source] => http://stitch-it-quick-0923.local/
                            [X-WC-Webhook-Topic] => order.updated
                            [X-WC-Webhook-Resource] => order
                            [X-WC-Webhook-Event] => updated
                            [X-WC-Webhook-Signature] => o8V7h/9PXi4NmMFyQBWrnbOawsUhqSJOvzUrPEEMe+E=
                            [X-WC-Webhook-ID] => 1
                            [X-WC-Webhook-Delivery-ID] => 219db7ced7894564f4cdfec7da2a573a
                        )

                )

            [Body] => Webhook body is not logged unless WP_DEBUG mode is turned on. This is to avoid the storing of personal data in the logs.
            [Response] => Array
                (
                    [Code] => 200
                    [Message] => OK
                    [Headers] => WpOrg\Requests\Utility\CaseInsensitiveDictionary Object
                        (
                            [data:protected] => Array
                                (
                                    [date] => Mon, 23 Sep 2024 22:08:51 GMT
                                    [content-type] => text/html; charset=utf-8
                                    [cf-ray] => 8c7ddb13ceb31f51-DEN
                                    [cf-cache-status] => DYNAMIC
                                    [content-language] => en-us
                                    [strict-transport-security] => max-age=31536000; includeSubDomains; preload
                                    [vary] => Accept-Language, Cookie, Accept-Encoding
                                    [content-security-policy] => base-uri 'none'; frame-ancestors 'self' login.bigcommerce.com *.mybigcommerce.com admin.shopify.com klaviyo.file.force.com klaviyo.lightning.force.com klaviyo.my.salesforce.com; script-src 'report-sample' 'strict-dynamic' 'unsafe-eval'; object-src 'none'; report-uri /csp/
                                    [x-content-type-options] => nosniff
                                    [x-robots-tag] => noindex, nofollow
                                    [server] => cloudflare
                                    [content-encoding] => gzip
                                )

                        )

                    [Body] => Webhook body is not logged unless WP_DEBUG mode is turned on. This is to avoid the storing of personal data in the logs.
                )

        )

)
2024-09-23T22:10:51+00:00 INFO Array
(
    [Webhook Delivery] => Array
        (
            [Delivery ID] => 2d643cdced5294560c283cd3c2be6ec1
            [Date] => Sep 23, 2024 @ 22:10
            [URL] => https://a.klaviyo.com/api/webhook/integration/woocommerce?c=ThxzDu
            [Duration] => 0.3384
            [Request] => Array
                (
                    [Method] => POST
                    [Headers] => Array
                        (
                            [User-Agent] => WooCommerce/9.2.2 Hookshot (WordPress/6.6.2)
                            [Content-Type] => application/json
                            [X-WC-Webhook-Source] => http://stitch-it-quick-0923.local/
                            [X-WC-Webhook-Topic] => order.updated
                            [X-WC-Webhook-Resource] => order
                            [X-WC-Webhook-Event] => updated
                            [X-WC-Webhook-Signature] => uuKd7B8qZZLRfuMoO/qW0vuGNLt9kuMxQCF6Wfd3kSo=
                            [X-WC-Webhook-ID] => 1
                            [X-WC-Webhook-Delivery-ID] => 2d643cdced5294560c283cd3c2be6ec1
                        )

                )

            [Body] => Webhook body is not logged unless WP_DEBUG mode is turned on. This is to avoid the storing of personal data in the logs.
            [Response] => Array
                (
                    [Code] => 200
                    [Message] => OK
                    [Headers] => WpOrg\Requests\Utility\CaseInsensitiveDictionary Object
                        (
                            [data:protected] => Array
                                (
                                    [date] => Mon, 23 Sep 2024 22:10:51 GMT
                                    [content-type] => text/html; charset=utf-8
                                    [cf-ray] => 8c7dde011a0f7b32-DEN
                                    [cf-cache-status] => DYNAMIC
                                    [content-language] => en-us
                                    [strict-transport-security] => max-age=31536000; includeSubDomains; preload
                                    [vary] => Accept-Language, Cookie, Accept-Encoding
                                    [content-security-policy] => frame-ancestors 'self' login.bigcommerce.com *.mybigcommerce.com admin.shopify.com klaviyo.file.force.com klaviyo.lightning.force.com klaviyo.my.salesforce.com; object-src 'none'; base-uri 'none'; script-src 'report-sample' 'strict-dynamic' 'unsafe-eval'; report-uri /csp/
                                    [x-content-type-options] => nosniff
                                    [x-robots-tag] => noindex, nofollow
                                    [server] => cloudflare
                                    [content-encoding] => gzip
                                )

                        )

                    [Body] => Webhook body is not logged unless WP_DEBUG mode is turned on. This is to avoid the storing of personal data in the logs.
                )

        )

)
2024-09-23T22:12:53+00:00 INFO Array
(
    [Webhook Delivery] => Array
        (
            [Delivery ID] => 84beabf14205134fa9d84499a626108e
            [Date] => Sep 23, 2024 @ 22:12
            [URL] => https://a.klaviyo.com/api/webhook/integration/woocommerce?c=ThxzDu
            [Duration] => 0.42141
            [Request] => Array
                (
                    [Method] => POST
                    [Headers] => Array
                        (
                            [User-Agent] => WooCommerce/9.2.2 Hookshot (WordPress/6.6.2)
                            [Content-Type] => application/json
                            [X-WC-Webhook-Source] => http://stitch-it-quick-0923.local/
                            [X-WC-Webhook-Topic] => order.updated
                            [X-WC-Webhook-Resource] => order
                            [X-WC-Webhook-Event] => updated
                            [X-WC-Webhook-Signature] => Eq+ulXPJEUBCF5+lRMKo/jgcFDZ9eFM0Ws02Jo5SRhE=
                            [X-WC-Webhook-ID] => 1
                            [X-WC-Webhook-Delivery-ID] => 84beabf14205134fa9d84499a626108e
                        )

                )

            [Body] => Webhook body is not logged unless WP_DEBUG mode is turned on. This is to avoid the storing of personal data in the logs.
            [Response] => Array
                (
                    [Code] => 200
                    [Message] => OK
                    [Headers] => WpOrg\Requests\Utility\CaseInsensitiveDictionary Object
                        (
                            [data:protected] => Array
                                (
                                    [date] => Mon, 23 Sep 2024 22:12:53 GMT
                                    [content-type] => text/html; charset=utf-8
                                    [cf-ray] => 8c7de0f9c9ff7988-DEN
                                    [cf-cache-status] => DYNAMIC
                                    [content-language] => en-us
                                    [strict-transport-security] => max-age=31536000; includeSubDomains; preload
                                    [vary] => Accept-Language, Cookie, Accept-Encoding
                                    [content-security-policy] => base-uri 'none'; frame-ancestors 'self' login.bigcommerce.com *.mybigcommerce.com admin.shopify.com klaviyo.file.force.com klaviyo.lightning.force.com klaviyo.my.salesforce.com; object-src 'none'; script-src 'report-sample' 'strict-dynamic' 'unsafe-eval'; report-uri /csp/
                                    [x-content-type-options] => nosniff
                                    [x-robots-tag] => noindex, nofollow
                                    [server] => cloudflare
                                    [content-encoding] => gzip
                                )

                        )

                    [Body] => Webhook body is not logged unless WP_DEBUG mode is turned on. This is to avoid the storing of personal data in the logs.
                )

        )

)
2024-09-23T22:12:59+00:00 INFO Array
(
    [Webhook Delivery] => Array
        (
            [Delivery ID] => 98e7b7f36b1dbac77fe9e6f3ee7e7327
            [Date] => Sep 23, 2024 @ 22:12
            [URL] => https://a.klaviyo.com/api/webhook/integration/woocommerce?c=ThxzDu
            [Duration] => 0.31791
            [Request] => Array
                (
                    [Method] => POST
                    [Headers] => Array
                        (
                            [User-Agent] => WooCommerce/9.2.2 Hookshot (WordPress/6.6.2)
                            [Content-Type] => application/json
                            [X-WC-Webhook-Source] => http://stitch-it-quick-0923.local/
                            [X-WC-Webhook-Topic] => order.updated
                            [X-WC-Webhook-Resource] => order
                            [X-WC-Webhook-Event] => updated
                            [X-WC-Webhook-Signature] => ew6OWx9S7Cx4mzeJcgROpG9LyCoelTmkt/sp5vmAtRo=
                            [X-WC-Webhook-ID] => 1
                            [X-WC-Webhook-Delivery-ID] => 98e7b7f36b1dbac77fe9e6f3ee7e7327
                        )

                )

            [Body] => Webhook body is not logged unless WP_DEBUG mode is turned on. This is to avoid the storing of personal data in the logs.
            [Response] => Array
                (
                    [Code] => 200
                    [Message] => OK
                    [Headers] => WpOrg\Requests\Utility\CaseInsensitiveDictionary Object
                        (
                            [data:protected] => Array
                                (
                                    [date] => Mon, 23 Sep 2024 22:12:59 GMT
                                    [content-type] => text/html; charset=utf-8
                                    [cf-ray] => 8c7de1202e2a1f2c-DEN
                                    [cf-cache-status] => DYNAMIC
                                    [content-language] => en-us
                                    [strict-transport-security] => max-age=31536000; includeSubDomains; preload
                                    [vary] => Accept-Language, Cookie, Accept-Encoding
                                    [content-security-policy] => base-uri 'none'; object-src 'none'; frame-ancestors 'self' login.bigcommerce.com *.mybigcommerce.com admin.shopify.com klaviyo.file.force.com klaviyo.lightning.force.com klaviyo.my.salesforce.com; script-src 'report-sample' 'strict-dynamic' 'unsafe-eval'; report-uri /csp/
                                    [x-content-type-options] => nosniff
                                    [x-robots-tag] => noindex, nofollow
                                    [server] => cloudflare
                                    [content-encoding] => gzip
                                )

                        )

                    [Body] => Webhook body is not logged unless WP_DEBUG mode is turned on. This is to avoid the storing of personal data in the logs.
                )

        )

)
2024-09-23T22:13:05+00:00 INFO Array
(
    [Webhook Delivery] => Array
        (
            [Delivery ID] => 09069fc026099e4ee920c2654e94e858
            [Date] => Sep 23, 2024 @ 22:13
            [URL] => https://a.klaviyo.com/api/webhook/integration/woocommerce?c=ThxzDu
            [Duration] => 0.34696
            [Request] => Array
                (
                    [Method] => POST
                    [Headers] => Array
                        (
                            [User-Agent] => WooCommerce/9.2.2 Hookshot (WordPress/6.6.2)
                            [Content-Type] => application/json
                            [X-WC-Webhook-Source] => http://stitch-it-quick-0923.local/
                            [X-WC-Webhook-Topic] => order.updated
                            [X-WC-Webhook-Resource] => order
                            [X-WC-Webhook-Event] => updated
                            [X-WC-Webhook-Signature] => 7wQEtLNXg4Hd7OAFpjetyADgW8J0WBzg2ObqQu6oVo0=
                            [X-WC-Webhook-ID] => 1
                            [X-WC-Webhook-Delivery-ID] => 09069fc026099e4ee920c2654e94e858
                        )

                )

            [Body] => Webhook body is not logged unless WP_DEBUG mode is turned on. This is to avoid the storing of personal data in the logs.
            [Response] => Array
                (
                    [Code] => 200
                    [Message] => OK
                    [Headers] => WpOrg\Requests\Utility\CaseInsensitiveDictionary Object
                        (
                            [data:protected] => Array
                                (
                                    [date] => Mon, 23 Sep 2024 22:13:05 GMT
                                    [content-type] => text/html; charset=utf-8
                                    [cf-ray] => 8c7de1443e267b04-DEN
                                    [cf-cache-status] => DYNAMIC
                                    [content-language] => en-us
                                    [strict-transport-security] => max-age=31536000; includeSubDomains; preload
                                    [vary] => Accept-Language, Cookie, Accept-Encoding
                                    [content-security-policy] => script-src 'report-sample' 'strict-dynamic' 'unsafe-eval'; base-uri 'none'; object-src 'none'; frame-ancestors 'self' login.bigcommerce.com *.mybigcommerce.com admin.shopify.com klaviyo.file.force.com klaviyo.lightning.force.com klaviyo.my.salesforce.com; report-uri /csp/
                                    [x-content-type-options] => nosniff
                                    [x-robots-tag] => noindex, nofollow
                                    [server] => cloudflare
                                    [content-encoding] => gzip
                                )

                        )

                    [Body] => Webhook body is not logged unless WP_DEBUG mode is turned on. This is to avoid the storing of personal data in the logs.
                )

        )

)
2024-09-23T22:13:38+00:00 INFO Array
(
    [Webhook Delivery] => Array
        (
            [Delivery ID] => f66793757cff4f90808911e50106ff09
            [Date] => Sep 23, 2024 @ 22:13
            [URL] => https://a.klaviyo.com/api/webhook/integration/woocommerce?c=ThxzDu
            [Duration] => 0.40012
            [Request] => Array
                (
                    [Method] => POST
                    [Headers] => Array
                        (
                            [User-Agent] => WooCommerce/9.2.2 Hookshot (WordPress/6.6.2)
                            [Content-Type] => application/json
                            [X-WC-Webhook-Source] => http://stitch-it-quick-0923.local/
                            [X-WC-Webhook-Topic] => order.updated
                            [X-WC-Webhook-Resource] => order
                            [X-WC-Webhook-Event] => updated
                            [X-WC-Webhook-Signature] => JEE05rujiCBsYIbHZgxadzLhUKD7dtNWMij5fDczvwY=
                            [X-WC-Webhook-ID] => 1
                            [X-WC-Webhook-Delivery-ID] => f66793757cff4f90808911e50106ff09
                        )

                )

            [Body] => Webhook body is not logged unless WP_DEBUG mode is turned on. This is to avoid the storing of personal data in the logs.
            [Response] => Array
                (
                    [Code] => 200
                    [Message] => OK
                    [Headers] => WpOrg\Requests\Utility\CaseInsensitiveDictionary Object
                        (
                            [data:protected] => Array
                                (
                                    [date] => Mon, 23 Sep 2024 22:13:38 GMT
                                    [content-type] => text/html; charset=utf-8
                                    [cf-ray] => 8c7de21569a87b0c-DEN
                                    [cf-cache-status] => DYNAMIC
                                    [content-language] => en-us
                                    [strict-transport-security] => max-age=31536000; includeSubDomains; preload
                                    [vary] => Accept-Language, Cookie, Accept-Encoding
                                    [content-security-policy] => object-src 'none'; script-src 'report-sample' 'strict-dynamic' 'unsafe-eval'; frame-ancestors 'self' login.bigcommerce.com *.mybigcommerce.com admin.shopify.com klaviyo.file.force.com klaviyo.lightning.force.com klaviyo.my.salesforce.com; base-uri 'none'; report-uri /csp/
                                    [x-content-type-options] => nosniff
                                    [x-robots-tag] => noindex, nofollow
                                    [server] => cloudflare
                                    [content-encoding] => gzip
                                )

                        )

                    [Body] => Webhook body is not logged unless WP_DEBUG mode is turned on. This is to avoid the storing of personal data in the logs.
                )

        )

)
2024-09-23T22:14:09+00:00 INFO Array
(
    [Webhook Delivery] => Array
        (
            [Delivery ID] => cef4d3cd8559d4ccdf737f39d09a5630
            [Date] => Sep 23, 2024 @ 22:14
            [URL] => https://a.klaviyo.com/api/webhook/integration/woocommerce?c=ThxzDu
            [Duration] => 0.32294
            [Request] => Array
                (
                    [Method] => POST
                    [Headers] => Array
                        (
                            [User-Agent] => WooCommerce/9.2.2 Hookshot (WordPress/6.6.2)
                            [Content-Type] => application/json
                            [X-WC-Webhook-Source] => http://stitch-it-quick-0923.local/
                            [X-WC-Webhook-Topic] => order.updated
                            [X-WC-Webhook-Resource] => order
                            [X-WC-Webhook-Event] => updated
                            [X-WC-Webhook-Signature] => 2mYDWxTturxAcqNe5vkOFylODaaBiYU9byzlLSukalc=
                            [X-WC-Webhook-ID] => 1
                            [X-WC-Webhook-Delivery-ID] => cef4d3cd8559d4ccdf737f39d09a5630
                        )

                )

            [Body] => Webhook body is not logged unless WP_DEBUG mode is turned on. This is to avoid the storing of personal data in the logs.
            [Response] => Array
                (
                    [Code] => 200
                    [Message] => OK
                    [Headers] => WpOrg\Requests\Utility\CaseInsensitiveDictionary Object
                        (
                            [data:protected] => Array
                                (
                                    [date] => Mon, 23 Sep 2024 22:14:09 GMT
                                    [content-type] => text/html; charset=utf-8
                                    [cf-ray] => 8c7de2d75eb11f2d-DEN
                                    [cf-cache-status] => DYNAMIC
                                    [content-language] => en-us
                                    [strict-transport-security] => max-age=31536000; includeSubDomains; preload
                                    [vary] => Accept-Language, Cookie, Accept-Encoding
                                    [content-security-policy] => base-uri 'none'; object-src 'none'; frame-ancestors 'self' login.bigcommerce.com *.mybigcommerce.com admin.shopify.com klaviyo.file.force.com klaviyo.lightning.force.com klaviyo.my.salesforce.com; script-src 'report-sample' 'strict-dynamic' 'unsafe-eval'; report-uri /csp/
                                    [x-content-type-options] => nosniff
                                    [x-robots-tag] => noindex, nofollow
                                    [server] => cloudflare
                                    [content-encoding] => gzip
                                )

                        )

                    [Body] => Webhook body is not logged unless WP_DEBUG mode is turned on. This is to avoid the storing of personal data in the logs.
                )

        )

)
2024-09-23T22:16:29+00:00 INFO Array
(
    [Webhook Delivery] => Array
        (
            [Delivery ID] => f137d74d6053c3b532b183e1b4d40a57
            [Date] => Sep 23, 2024 @ 22:16
            [URL] => https://a.klaviyo.com/api/webhook/integration/woocommerce?c=ThxzDu
            [Duration] => 0.2946
            [Request] => Array
                (
                    [Method] => POST
                    [Headers] => Array
                        (
                            [User-Agent] => WooCommerce/9.2.2 Hookshot (WordPress/6.6.2)
                            [Content-Type] => application/json
                            [X-WC-Webhook-Source] => http://stitch-it-quick-0923.local/
                            [X-WC-Webhook-Topic] => order.updated
                            [X-WC-Webhook-Resource] => order
                            [X-WC-Webhook-Event] => updated
                            [X-WC-Webhook-Signature] => Mgb7Jq1HL5PbPj0iZ5TsVjjtPFDvtKT6QJXb2uVV5Fo=
                            [X-WC-Webhook-ID] => 1
                            [X-WC-Webhook-Delivery-ID] => f137d74d6053c3b532b183e1b4d40a57
                        )

                )

            [Body] => Webhook body is not logged unless WP_DEBUG mode is turned on. This is to avoid the storing of personal data in the logs.
            [Response] => Array
                (
                    [Code] => 200
                    [Message] => OK
                    [Headers] => WpOrg\Requests\Utility\CaseInsensitiveDictionary Object
                        (
                            [data:protected] => Array
                                (
                                    [date] => Mon, 23 Sep 2024 22:16:29 GMT
                                    [content-type] => text/html; charset=utf-8
                                    [cf-ray] => 8c7de6426b5d1f39-DEN
                                    [cf-cache-status] => DYNAMIC
                                    [content-language] => en-us
                                    [strict-transport-security] => max-age=31536000; includeSubDomains; preload
                                    [vary] => Accept-Language, Cookie, Accept-Encoding
                                    [content-security-policy] => object-src 'none'; base-uri 'none'; script-src 'report-sample' 'strict-dynamic' 'unsafe-eval'; frame-ancestors 'self' login.bigcommerce.com *.mybigcommerce.com admin.shopify.com klaviyo.file.force.com klaviyo.lightning.force.com klaviyo.my.salesforce.com; report-uri /csp/
                                    [x-content-type-options] => nosniff
                                    [x-robots-tag] => noindex, nofollow
                                    [server] => cloudflare
                                    [content-encoding] => gzip
                                )

                        )

                    [Body] => Webhook body is not logged unless WP_DEBUG mode is turned on. This is to avoid the storing of personal data in the logs.
                )

        )

)
2024-09-23T22:16:38+00:00 INFO Array
(
    [Webhook Delivery] => Array
        (
            [Delivery ID] => 53aa3a5e752214f42e8b5adf9e78245d
            [Date] => Sep 23, 2024 @ 22:16
            [URL] => https://a.klaviyo.com/api/webhook/integration/woocommerce?c=ThxzDu
            [Duration] => 0.29923
            [Request] => Array
                (
                    [Method] => POST
                    [Headers] => Array
                        (
                            [User-Agent] => WooCommerce/9.2.2 Hookshot (WordPress/6.6.2)
                            [Content-Type] => application/json
                            [X-WC-Webhook-Source] => http://stitch-it-quick-0923.local/
                            [X-WC-Webhook-Topic] => order.updated
                            [X-WC-Webhook-Resource] => order
                            [X-WC-Webhook-Event] => updated
                            [X-WC-Webhook-Signature] => h6Q8X0HAEhboV65bI85Vfr8J5TF6iq1yrhcPHJd1dyY=
                            [X-WC-Webhook-ID] => 1
                            [X-WC-Webhook-Delivery-ID] => 53aa3a5e752214f42e8b5adf9e78245d
                        )

                )

            [Body] => Webhook body is not logged unless WP_DEBUG mode is turned on. This is to avoid the storing of personal data in the logs.
            [Response] => Array
                (
                    [Code] => 200
                    [Message] => OK
                    [Headers] => WpOrg\Requests\Utility\CaseInsensitiveDictionary Object
                        (
                            [data:protected] => Array
                                (
                                    [date] => Mon, 23 Sep 2024 22:16:38 GMT
                                    [content-type] => text/html; charset=utf-8
                                    [cf-ray] => 8c7de675ff0d51fd-DEN
                                    [cf-cache-status] => DYNAMIC
                                    [content-language] => en-us
                                    [strict-transport-security] => max-age=31536000; includeSubDomains; preload
                                    [vary] => Accept-Language, Cookie, Accept-Encoding
                                    [content-security-policy] => base-uri 'none'; script-src 'report-sample' 'strict-dynamic' 'unsafe-eval'; object-src 'none'; frame-ancestors 'self' login.bigcommerce.com *.mybigcommerce.com admin.shopify.com klaviyo.file.force.com klaviyo.lightning.force.com klaviyo.my.salesforce.com; report-uri /csp/
                                    [x-content-type-options] => nosniff
                                    [x-robots-tag] => noindex, nofollow
                                    [server] => cloudflare
                                    [content-encoding] => gzip
                                )

                        )

                    [Body] => Webhook body is not logged unless WP_DEBUG mode is turned on. This is to avoid the storing of personal data in the logs.
                )

        )

)
2024-09-23T22:20:00+00:00 INFO Array
(
    [Webhook Delivery] => Array
        (
            [Delivery ID] => d5f2061777c8e105e3a54ae73c7858d3
            [Date] => Sep 23, 2024 @ 22:20
            [URL] => https://a.klaviyo.com/api/webhook/integration/woocommerce?c=ThxzDu
            [Duration] => 0.36438
            [Request] => Array
                (
                    [Method] => POST
                    [Headers] => Array
                        (
                            [User-Agent] => WooCommerce/9.2.2 Hookshot (WordPress/6.6.2)
                            [Content-Type] => application/json
                            [X-WC-Webhook-Source] => http://stitch-it-quick-0923.local/
                            [X-WC-Webhook-Topic] => order.updated
                            [X-WC-Webhook-Resource] => order
                            [X-WC-Webhook-Event] => updated
                            [X-WC-Webhook-Signature] => hHOIeXRdBH3Iebo219XBVifUKGvGMm9FPSzs18H84Ao=
                            [X-WC-Webhook-ID] => 1
                            [X-WC-Webhook-Delivery-ID] => d5f2061777c8e105e3a54ae73c7858d3
                        )

                )

            [Body] => Webhook body is not logged unless WP_DEBUG mode is turned on. This is to avoid the storing of personal data in the logs.
            [Response] => Array
                (
                    [Code] => 200
                    [Message] => OK
                    [Headers] => WpOrg\Requests\Utility\CaseInsensitiveDictionary Object
                        (
                            [data:protected] => Array
                                (
                                    [date] => Mon, 23 Sep 2024 22:20:00 GMT
                                    [content-type] => text/html; charset=utf-8
                                    [cf-ray] => 8c7deb68cf3d5207-DEN
                                    [cf-cache-status] => DYNAMIC
                                    [content-language] => en-us
                                    [strict-transport-security] => max-age=31536000; includeSubDomains; preload
                                    [vary] => Accept-Language, Cookie, Accept-Encoding
                                    [content-security-policy] => script-src 'report-sample' 'strict-dynamic' 'unsafe-eval'; frame-ancestors 'self' login.bigcommerce.com *.mybigcommerce.com admin.shopify.com klaviyo.file.force.com klaviyo.lightning.force.com klaviyo.my.salesforce.com; object-src 'none'; base-uri 'none'; report-uri /csp/
                                    [x-content-type-options] => nosniff
                                    [x-robots-tag] => noindex, nofollow
                                    [server] => cloudflare
                                    [content-encoding] => gzip
                                )

                        )

                    [Body] => Webhook body is not logged unless WP_DEBUG mode is turned on. This is to avoid the storing of personal data in the logs.
                )

        )

)
2024-09-23T22:20:41+00:00 INFO Array
(
    [Webhook Delivery] => Array
        (
            [Delivery ID] => e0731f2e05104026005cc7bab132c408
            [Date] => Sep 23, 2024 @ 22:20
            [URL] => https://a.klaviyo.com/api/webhook/integration/woocommerce?c=ThxzDu
            [Duration] => 0.31574
            [Request] => Array
                (
                    [Method] => POST
                    [Headers] => Array
                        (
                            [User-Agent] => WooCommerce/9.2.2 Hookshot (WordPress/6.6.2)
                            [Content-Type] => application/json
                            [X-WC-Webhook-Source] => http://stitch-it-quick-0923.local/
                            [X-WC-Webhook-Topic] => order.updated
                            [X-WC-Webhook-Resource] => order
                            [X-WC-Webhook-Event] => updated
                            [X-WC-Webhook-Signature] => dtEbVZITes6Z+RU15weWRLa5TTMVY++5Fh7SUBd8exk=
                            [X-WC-Webhook-ID] => 1
                            [X-WC-Webhook-Delivery-ID] => e0731f2e05104026005cc7bab132c408
                        )

                )

            [Body] => Webhook body is not logged unless WP_DEBUG mode is turned on. This is to avoid the storing of personal data in the logs.
            [Response] => Array
                (
                    [Code] => 200
                    [Message] => OK
                    [Headers] => WpOrg\Requests\Utility\CaseInsensitiveDictionary Object
                        (
                            [data:protected] => Array
                                (
                                    [date] => Mon, 23 Sep 2024 22:20:41 GMT
                                    [content-type] => text/html; charset=utf-8
                                    [cf-ray] => 8c7dec6549557c1a-DEN
                                    [cf-cache-status] => DYNAMIC
                                    [content-language] => en-us
                                    [strict-transport-security] => max-age=31536000; includeSubDomains; preload
                                    [vary] => Accept-Language, Cookie, Accept-Encoding
                                    [content-security-policy] => base-uri 'none'; object-src 'none'; frame-ancestors 'self' login.bigcommerce.com *.mybigcommerce.com admin.shopify.com klaviyo.file.force.com klaviyo.lightning.force.com klaviyo.my.salesforce.com; script-src 'report-sample' 'strict-dynamic' 'unsafe-eval'; report-uri /csp/
                                    [x-content-type-options] => nosniff
                                    [x-robots-tag] => noindex, nofollow
                                    [server] => cloudflare
                                    [content-encoding] => gzip
                                )

                        )

                    [Body] => Webhook body is not logged unless WP_DEBUG mode is turned on. This is to avoid the storing of personal data in the logs.
                )

        )

)
2024-09-23T22:21:01+00:00 INFO Array
(
    [Webhook Delivery] => Array
        (
            [Delivery ID] => bdb7c544af7391d5fabfbd24c50fb4cb
            [Date] => Sep 23, 2024 @ 22:21
            [URL] => https://a.klaviyo.com/api/webhook/integration/woocommerce?c=ThxzDu
            [Duration] => 0.45318
            [Request] => Array
                (
                    [Method] => POST
                    [Headers] => Array
                        (
                            [User-Agent] => WooCommerce/9.2.2 Hookshot (WordPress/6.6.2)
                            [Content-Type] => application/json
                            [X-WC-Webhook-Source] => http://stitch-it-quick-0923.local/
                            [X-WC-Webhook-Topic] => order.updated
                            [X-WC-Webhook-Resource] => order
                            [X-WC-Webhook-Event] => updated
                            [X-WC-Webhook-Signature] => 0ttOI0mJPAY0LK78oO45QFIlSEkAOqcGGjCUXJRWj2Y=
                            [X-WC-Webhook-ID] => 1
                            [X-WC-Webhook-Delivery-ID] => bdb7c544af7391d5fabfbd24c50fb4cb
                        )

                )

            [Body] => Webhook body is not logged unless WP_DEBUG mode is turned on. This is to avoid the storing of personal data in the logs.
            [Response] => Array
                (
                    [Code] => 200
                    [Message] => OK
                    [Headers] => WpOrg\Requests\Utility\CaseInsensitiveDictionary Object
                        (
                            [data:protected] => Array
                                (
                                    [date] => Mon, 23 Sep 2024 22:21:01 GMT
                                    [content-type] => text/html; charset=utf-8
                                    [cf-ray] => 8c7dece5ccf75198-DEN
                                    [cf-cache-status] => DYNAMIC
                                    [content-language] => en-us
                                    [strict-transport-security] => max-age=31536000; includeSubDomains; preload
                                    [vary] => Accept-Language, Cookie, Accept-Encoding
                                    [content-security-policy] => script-src 'report-sample' 'strict-dynamic' 'unsafe-eval'; frame-ancestors 'self' login.bigcommerce.com *.mybigcommerce.com admin.shopify.com klaviyo.file.force.com klaviyo.lightning.force.com klaviyo.my.salesforce.com; object-src 'none'; base-uri 'none'; report-uri /csp/
                                    [x-content-type-options] => nosniff
                                    [x-robots-tag] => noindex, nofollow
                                    [server] => cloudflare
                                    [content-encoding] => gzip
                                )

                        )

                    [Body] => Webhook body is not logged unless WP_DEBUG mode is turned on. This is to avoid the storing of personal data in the logs.
                )

        )

)
2024-09-23T22:23:02+00:00 INFO Array
(
    [Webhook Delivery] => Array
        (
            [Delivery ID] => d39b00b32e8b42c4f3f6153e8b6f4aeb
            [Date] => Sep 23, 2024 @ 22:23
            [URL] => https://a.klaviyo.com/api/webhook/integration/woocommerce?c=ThxzDu
            [Duration] => 0.34504
            [Request] => Array
                (
                    [Method] => POST
                    [Headers] => Array
                        (
                            [User-Agent] => WooCommerce/9.2.2 Hookshot (WordPress/6.6.2)
                            [Content-Type] => application/json
                            [X-WC-Webhook-Source] => http://stitch-it-quick-0923.local/
                            [X-WC-Webhook-Topic] => order.updated
                            [X-WC-Webhook-Resource] => order
                            [X-WC-Webhook-Event] => updated
                            [X-WC-Webhook-Signature] => 40gQsq+qDX1lcch2ObLWO5+1yNA5igloHGf7MRr+cvw=
                            [X-WC-Webhook-ID] => 1
                            [X-WC-Webhook-Delivery-ID] => d39b00b32e8b42c4f3f6153e8b6f4aeb
                        )

                )

            [Body] => Webhook body is not logged unless WP_DEBUG mode is turned on. This is to avoid the storing of personal data in the logs.
            [Response] => Array
                (
                    [Code] => 200
                    [Message] => OK
                    [Headers] => WpOrg\Requests\Utility\CaseInsensitiveDictionary Object
                        (
                            [data:protected] => Array
                                (
                                    [date] => Mon, 23 Sep 2024 22:23:02 GMT
                                    [content-type] => text/html; charset=utf-8
                                    [cf-ray] => 8c7defd9af437c32-DEN
                                    [cf-cache-status] => DYNAMIC
                                    [content-language] => en-us
                                    [strict-transport-security] => max-age=31536000; includeSubDomains; preload
                                    [vary] => Accept-Language, Cookie, Accept-Encoding
                                    [content-security-policy] => object-src 'none'; script-src 'report-sample' 'strict-dynamic' 'unsafe-eval'; base-uri 'none'; frame-ancestors 'self' login.bigcommerce.com *.mybigcommerce.com admin.shopify.com klaviyo.file.force.com klaviyo.lightning.force.com klaviyo.my.salesforce.com; report-uri /csp/
                                    [x-content-type-options] => nosniff
                                    [x-robots-tag] => noindex, nofollow
                                    [server] => cloudflare
                                    [content-encoding] => gzip
                                )

                        )

                    [Body] => Webhook body is not logged unless WP_DEBUG mode is turned on. This is to avoid the storing of personal data in the logs.
                )

        )

)
2024-09-23T22:26:32+00:00 INFO Array
(
    [Webhook Delivery] => Array
        (
            [Delivery ID] => bcc91fc7f1df38655c667e5d4c52dc7f
            [Date] => Sep 23, 2024 @ 22:26
            [URL] => https://a.klaviyo.com/api/webhook/integration/woocommerce?c=ThxzDu
            [Duration] => 0.40919
            [Request] => Array
                (
                    [Method] => POST
                    [Headers] => Array
                        (
                            [User-Agent] => WooCommerce/9.2.2 Hookshot (WordPress/6.6.2)
                            [Content-Type] => application/json
                            [X-WC-Webhook-Source] => http://stitch-it-quick-0923.local/
                            [X-WC-Webhook-Topic] => order.updated
                            [X-WC-Webhook-Resource] => order
                            [X-WC-Webhook-Event] => updated
                            [X-WC-Webhook-Signature] => ZlQmsI4kF1CIxRdApDyMQdo7aIkuxbZvJBdjeP884sg=
                            [X-WC-Webhook-ID] => 1
                            [X-WC-Webhook-Delivery-ID] => bcc91fc7f1df38655c667e5d4c52dc7f
                        )

                )

            [Body] => Webhook body is not logged unless WP_DEBUG mode is turned on. This is to avoid the storing of personal data in the logs.
            [Response] => Array
                (
                    [Code] => 200
                    [Message] => OK
                    [Headers] => WpOrg\Requests\Utility\CaseInsensitiveDictionary Object
                        (
                            [data:protected] => Array
                                (
                                    [date] => Mon, 23 Sep 2024 22:26:32 GMT
                                    [content-type] => text/html; charset=utf-8
                                    [cf-ray] => 8c7df4fadf895346-DEN
                                    [cf-cache-status] => DYNAMIC
                                    [content-language] => en-us
                                    [strict-transport-security] => max-age=31536000; includeSubDomains; preload
                                    [vary] => Accept-Language, Cookie, Accept-Encoding
                                    [content-security-policy] => script-src 'report-sample' 'strict-dynamic' 'unsafe-eval'; base-uri 'none'; frame-ancestors 'self' login.bigcommerce.com *.mybigcommerce.com admin.shopify.com klaviyo.file.force.com klaviyo.lightning.force.com klaviyo.my.salesforce.com; object-src 'none'; report-uri /csp/
                                    [x-content-type-options] => nosniff
                                    [x-robots-tag] => noindex, nofollow
                                    [server] => cloudflare
                                    [content-encoding] => gzip
                                )

                        )

                    [Body] => Webhook body is not logged unless WP_DEBUG mode is turned on. This is to avoid the storing of personal data in the logs.
                )

        )

)
