2024-09-20T16:32:51+00:00 INFO Array
(
    [Webhook Delivery] => Array
        (
            [Delivery ID] => 70fe561ffe47c1626bd4cb5c0c5024ef
            [Date] => Sep 20, 2024 @ 16:32
            [URL] => https://a.klaviyo.com/api/webhook/integration/woocommerce?c=ThxzDu
            [Duration] => 1.1566
            [Request] => Array
                (
                    [Method] => POST
                    [Headers] => Array
                        (
                            [User-Agent] => WooCommerce/9.2.2 Hookshot (WordPress/6.6.1)
                            [Content-Type] => application/json
                            [X-WC-Webhook-Source] => https://stitchitquick.com/
                            [X-WC-Webhook-Topic] => order.updated
                            [X-WC-Webhook-Resource] => order
                            [X-WC-Webhook-Event] => updated
                            [X-WC-Webhook-Signature] => YjC/c5gsWqscTZhjsXwJnFwSq+pdV/1GvYFiISC8VlI=
                            [X-WC-Webhook-ID] => 1
                            [X-WC-Webhook-Delivery-ID] => 70fe561ffe47c1626bd4cb5c0c5024ef
                        )

                )

            [Body] => Webhook body is not logged unless WP_DEBUG mode is turned on. This is to avoid the storing of personal data in the logs.
            [Response] => Array
                (
                    [Code] => 200
                    [Message] => OK
                    [Headers] => WpOrg\Requests\Utility\CaseInsensitiveDictionary Object
                        (
                            [data:protected] => Array
                                (
                                    [date] => Fri, 20 Sep 2024 16:32:51 GMT
                                    [content-type] => text/html; charset=utf-8
                                    [cf-ray] => 8c6336bedc22f977-SJC
                                    [cf-cache-status] => DYNAMIC
                                    [content-language] => en-us
                                    [strict-transport-security] => max-age=31536000; includeSubDomains; preload
                                    [vary] => Accept-Language, Cookie, Accept-Encoding
                                    [content-security-policy] => base-uri 'none'; script-src 'report-sample' 'strict-dynamic' 'unsafe-eval'; frame-ancestors 'self' login.bigcommerce.com *.mybigcommerce.com admin.shopify.com klaviyo.file.force.com klaviyo.lightning.force.com klaviyo.my.salesforce.com; object-src 'none'; report-uri /csp/
                                    [x-content-type-options] => nosniff
                                    [x-robots-tag] => noindex, nofollow
                                    [server] => cloudflare
                                    [content-encoding] => gzip
                                )

                        )

                    [Body] => Webhook body is not logged unless WP_DEBUG mode is turned on. This is to avoid the storing of personal data in the logs.
                )

        )

)
