2024-09-17T19:44:45+00:00 INFO Array
(
    [Webhook Delivery] => Array
        (
            [Delivery ID] => 6a245afb50cabcfda6af04f8cf653800
            [Date] => Sep 17, 2024 @ 19:44
            [URL] => https://a.klaviyo.com/api/webhook/integration/woocommerce?c=ThxzDu
            [Duration] => 0.42754
            [Request] => Array
                (
                    [Method] => POST
                    [Headers] => Array
                        (
                            [User-Agent] => WooCommerce/9.2.2 Hookshot (WordPress/6.6.1)
                            [Content-Type] => application/json
                            [X-WC-Webhook-Source] => https://stitchitquick.com/
                            [X-WC-Webhook-Topic] => order.updated
                            [X-WC-Webhook-Resource] => order
                            [X-WC-Webhook-Event] => updated
                            [X-WC-Webhook-Signature] => DVFlp+xKV7QJTqCNBejxmCbKgLFdtXRhxZWkA++CC9Q=
                            [X-WC-Webhook-ID] => 1
                            [X-WC-Webhook-Delivery-ID] => 6a245afb50cabcfda6af04f8cf653800
                        )

                )

            [Body] => Webhook body is not logged unless WP_DEBUG mode is turned on. This is to avoid the storing of personal data in the logs.
            [Response] => Array
                (
                    [Code] => 200
                    [Message] => OK
                    [Headers] => WpOrg\Requests\Utility\CaseInsensitiveDictionary Object
                        (
                            [data:protected] => Array
                                (
                                    [date] => Tue, 17 Sep 2024 19:44:45 GMT
                                    [content-type] => text/html; charset=utf-8
                                    [cf-ray] => 8c4b97bb080d7ace-SJC
                                    [cf-cache-status] => DYNAMIC
                                    [content-language] => en-us
                                    [strict-transport-security] => max-age=31536000; includeSubDomains; preload
                                    [vary] => Accept-Language, Cookie, Accept-Encoding
                                    [content-security-policy] => frame-ancestors 'self' login.bigcommerce.com *.mybigcommerce.com admin.shopify.com klaviyo.file.force.com klaviyo.lightning.force.com klaviyo.my.salesforce.com; script-src 'report-sample' 'strict-dynamic' 'unsafe-eval'; object-src 'none'; base-uri 'none'; report-uri /csp/
                                    [x-content-type-options] => nosniff
                                    [x-robots-tag] => noindex, nofollow
                                    [server] => cloudflare
                                    [content-encoding] => gzip
                                )

                        )

                    [Body] => Webhook body is not logged unless WP_DEBUG mode is turned on. This is to avoid the storing of personal data in the logs.
                )

        )

)
